{"uid":"987614b7a4a31241","name":"incluirNovoClienteNaBaseDeDados()","fullName":"br.com.sicred.tests.AdicionarNovoClienteTest.incluirNovoClienteNaBaseDeDados","historyId":"ae01ff7d3418f35d222dec0fa09075d8","time":{"start":1683709904225,"stop":1683709914591,"duration":10366},"description":"Realizar a inclusão do cliente atraves do preenchimento do formulario","descriptionHtml":"<p>Realizar a inclusão do cliente atraves do preenchimento do formulario</p>\n","status":"broken","statusMessage":"no such element: Unable to locate element: {\"method\":\"css selector\",\"selector\":\"#switch\\-version\\-select\"}\n  (Session info: headless chrome=112.0.5615.165)\nFor documentation on this error, please visit: https://selenium.dev/exceptions/#no_such_element\nBuild info: version: '4.7.2', revision: '4d4020c3b7'\nSystem info: os.name: 'Linux', os.arch: 'amd64', os.version: '5.15.0-1036-azure', java.version: '11.0.18'\nDriver info: org.openqa.selenium.chrome.ChromeDriver\nCommand: [fbc4b7b34983081c8bd47af0c16211b1, findElement {using=id, value=switch-version-select}]\nCapabilities {acceptInsecureCerts: false, browserName: chrome, browserVersion: 112.0.5615.165, chrome: {chromedriverVersion: 112.0.5615.49 (bd2a7bcb881c..., userDataDir: /tmp/.com.google.Chrome.9HAtGX}, goog:chromeOptions: {debuggerAddress: localhost:40091}, networkConnectionEnabled: false, pageLoadStrategy: normal, platformName: LINUX, proxy: Proxy(), se:cdp: ws://localhost:40091/devtoo..., se:cdpVersion: 112.0.5615.165, setWindowRect: true, strictFileInteractability: false, timeouts: {implicit: 0, pageLoad: 300000, script: 30000}, unhandledPromptBehavior: dismiss and notify, webauthn:extension:credBlob: true, webauthn:extension:largeBlob: true, webauthn:extension:minPinLength: true, webauthn:extension:prf: true, webauthn:virtualAuthenticators: true}\nSession ID: fbc4b7b34983081c8bd47af0c16211b1","statusTrace":"org.openqa.selenium.NoSuchElementException: no such element: Unable to locate element: {\"method\":\"css selector\",\"selector\":\"#switch\\-version\\-select\"}\n  (Session info: headless chrome=112.0.5615.165)\nFor documentation on this error, please visit: https://selenium.dev/exceptions/#no_such_element\nBuild info: version: '4.7.2', revision: '4d4020c3b7'\nSystem info: os.name: 'Linux', os.arch: 'amd64', os.version: '5.15.0-1036-azure', java.version: '11.0.18'\nDriver info: org.openqa.selenium.chrome.ChromeDriver\nCommand: [fbc4b7b34983081c8bd47af0c16211b1, findElement {using=id, value=switch-version-select}]\nCapabilities {acceptInsecureCerts: false, browserName: chrome, browserVersion: 112.0.5615.165, chrome: {chromedriverVersion: 112.0.5615.49 (bd2a7bcb881c..., userDataDir: /tmp/.com.google.Chrome.9HAtGX}, goog:chromeOptions: {debuggerAddress: localhost:40091}, networkConnectionEnabled: false, pageLoadStrategy: normal, platformName: LINUX, proxy: Proxy(), se:cdp: ws://localhost:40091/devtoo..., se:cdpVersion: 112.0.5615.165, setWindowRect: true, strictFileInteractability: false, timeouts: {implicit: 0, pageLoad: 300000, script: 30000}, unhandledPromptBehavior: dismiss and notify, webauthn:extension:credBlob: true, webauthn:extension:largeBlob: true, webauthn:extension:minPinLength: true, webauthn:extension:prf: true, webauthn:virtualAuthenticators: true}\nSession ID: fbc4b7b34983081c8bd47af0c16211b1\n\tat java.base/jdk.internal.reflect.NativeConstructorAccessorImpl.newInstance0(Native Method)\n\tat java.base/jdk.internal.reflect.NativeConstructorAccessorImpl.newInstance(NativeConstructorAccessorImpl.java:62)\n\tat java.base/jdk.internal.reflect.DelegatingConstructorAccessorImpl.newInstance(DelegatingConstructorAccessorImpl.java:45)\n\tat java.base/java.lang.reflect.Constructor.newInstance(Constructor.java:490)\n\tat org.openqa.selenium.remote.codec.w3c.W3CHttpResponseCodec.createException(W3CHttpResponseCodec.java:200)\n\tat org.openqa.selenium.remote.codec.w3c.W3CHttpResponseCodec.decode(W3CHttpResponseCodec.java:133)\n\tat org.openqa.selenium.remote.codec.w3c.W3CHttpResponseCodec.decode(W3CHttpResponseCodec.java:53)\n\tat org.openqa.selenium.remote.HttpCommandExecutor.execute(HttpCommandExecutor.java:184)\n\tat org.openqa.selenium.remote.service.DriverCommandExecutor.invokeExecute(DriverCommandExecutor.java:167)\n\tat org.openqa.selenium.remote.service.DriverCommandExecutor.execute(DriverCommandExecutor.java:142)\n\tat org.openqa.selenium.remote.RemoteWebDriver.execute(RemoteWebDriver.java:543)\n\tat org.openqa.selenium.remote.ElementLocation$ElementFinder$2.findElement(ElementLocation.java:162)\n\tat org.openqa.selenium.remote.ElementLocation.findElement(ElementLocation.java:66)\n\tat org.openqa.selenium.remote.RemoteWebDriver.findElement(RemoteWebDriver.java:352)\n\tat org.openqa.selenium.remote.RemoteWebDriver.findElement(RemoteWebDriver.java:344)\n\tat org.openqa.selenium.support.pagefactory.DefaultElementLocator.findElement(DefaultElementLocator.java:70)\n\tat org.openqa.selenium.support.pagefactory.internal.LocatingElementHandler.invoke(LocatingElementHandler.java:39)\n\tat com.sun.proxy.$Proxy27.getTagName(Unknown Source)\n\tat org.openqa.selenium.support.ui.Select.<init>(Select.java:46)\n\tat br.com.sicred.action.HomeAction.selecionarBootstrapV4(HomeAction.java:26)\n\tat br.com.sicred.tests.AdicionarNovoClienteTest.incluirNovoClienteNaBaseDeDados(AdicionarNovoClienteTest.java:32)\n\tat java.base/jdk.internal.reflect.NativeMethodAccessorImpl.invoke0(Native Method)\n\tat java.base/jdk.internal.reflect.NativeMethodAccessorImpl.invoke(NativeMethodAccessorImpl.java:62)\n\tat java.base/jdk.internal.reflect.DelegatingMethodAccessorImpl.invoke(DelegatingMethodAccessorImpl.java:43)\n\tat java.base/java.lang.reflect.Method.invoke(Method.java:566)\n\tat org.junit.platform.commons.util.ReflectionUtils.invokeMethod(ReflectionUtils.java:688)\n\tat org.junit.jupiter.engine.execution.MethodInvocation.proceed(MethodInvocation.java:60)\n\tat org.junit.jupiter.engine.execution.InvocationInterceptorChain$ValidatingInvocation.proceed(InvocationInterceptorChain.java:131)\n\tat org.junit.jupiter.engine.extension.TimeoutExtension.intercept(TimeoutExtension.java:149)\n\tat org.junit.jupiter.engine.extension.TimeoutExtension.interceptTestableMethod(TimeoutExtension.java:140)\n\tat org.junit.jupiter.engine.extension.TimeoutExtension.interceptTestMethod(TimeoutExtension.java:84)\n\tat org.junit.jupiter.engine.execution.ExecutableInvoker$ReflectiveInterceptorCall.lambda$ofVoidMethod$0(ExecutableInvoker.java:115)\n\tat org.junit.jupiter.engine.execution.ExecutableInvoker.lambda$invoke$0(ExecutableInvoker.java:105)\n\tat org.junit.jupiter.engine.execution.InvocationInterceptorChain$InterceptedInvocation.proceed(InvocationInterceptorChain.java:106)\n\tat org.junit.jupiter.engine.execution.InvocationInterceptorChain.proceed(InvocationInterceptorChain.java:64)\n\tat org.junit.jupiter.engine.execution.InvocationInterceptorChain.chainAndInvoke(InvocationInterceptorChain.java:45)\n\tat org.junit.jupiter.engine.execution.InvocationInterceptorChain.invoke(InvocationInterceptorChain.java:37)\n\tat org.junit.jupiter.engine.execution.ExecutableInvoker.invoke(ExecutableInvoker.java:104)\n\tat org.junit.jupiter.engine.execution.ExecutableInvoker.invoke(ExecutableInvoker.java:98)\n\tat org.junit.jupiter.engine.descriptor.TestMethodTestDescriptor.lambda$invokeTestMethod$6(TestMethodTestDescriptor.java:210)\n\tat org.junit.platform.engine.support.hierarchical.ThrowableCollector.execute(ThrowableCollector.java:73)\n\tat org.junit.jupiter.engine.descriptor.TestMethodTestDescriptor.invokeTestMethod(TestMethodTestDescriptor.java:206)\n\tat org.junit.jupiter.engine.descriptor.TestMethodTestDescriptor.execute(TestMethodTestDescriptor.java:131)\n\tat org.junit.jupiter.engine.descriptor.TestMethodTestDescriptor.execute(TestMethodTestDescriptor.java:65)\n\tat org.junit.platform.engine.support.hierarchical.NodeTestTask.lambda$executeRecursively$5(NodeTestTask.java:139)\n\tat org.junit.platform.engine.support.hierarchical.ThrowableCollector.execute(ThrowableCollector.java:73)\n\tat org.junit.platform.engine.support.hierarchical.NodeTestTask.lambda$executeRecursively$7(NodeTestTask.java:129)\n\tat org.junit.platform.engine.support.hierarchical.Node.around(Node.java:137)\n\tat org.junit.platform.engine.support.hierarchical.NodeTestTask.lambda$executeRecursively$8(NodeTestTask.java:127)\n\tat org.junit.platform.engine.support.hierarchical.ThrowableCollector.execute(ThrowableCollector.java:73)\n\tat org.junit.platform.engine.support.hierarchical.NodeTestTask.executeRecursively(NodeTestTask.java:126)\n\tat org.junit.platform.engine.support.hierarchical.NodeTestTask.execute(NodeTestTask.java:84)\n\tat java.base/java.util.ArrayList.forEach(ArrayList.java:1541)\n\tat org.junit.platform.engine.support.hierarchical.SameThreadHierarchicalTestExecutorService.invokeAll(SameThreadHierarchicalTestExecutorService.java:38)\n\tat org.junit.platform.engine.support.hierarchical.NodeTestTask.lambda$executeRecursively$5(NodeTestTask.java:143)\n\tat org.junit.platform.engine.support.hierarchical.ThrowableCollector.execute(ThrowableCollector.java:73)\n\tat org.junit.platform.engine.support.hierarchical.NodeTestTask.lambda$executeRecursively$7(NodeTestTask.java:129)\n\tat org.junit.platform.engine.support.hierarchical.Node.around(Node.java:137)\n\tat org.junit.platform.engine.support.hierarchical.NodeTestTask.lambda$executeRecursively$8(NodeTestTask.java:127)\n\tat org.junit.platform.engine.support.hierarchical.ThrowableCollector.execute(ThrowableCollector.java:73)\n\tat org.junit.platform.engine.support.hierarchical.NodeTestTask.executeRecursively(NodeTestTask.java:126)\n\tat org.junit.platform.engine.support.hierarchical.NodeTestTask.execute(NodeTestTask.java:84)\n\tat java.base/java.util.ArrayList.forEach(ArrayList.java:1541)\n\tat org.junit.platform.engine.support.hierarchical.SameThreadHierarchicalTestExecutorService.invokeAll(SameThreadHierarchicalTestExecutorService.java:38)\n\tat org.junit.platform.engine.support.hierarchical.NodeTestTask.lambda$executeRecursively$5(NodeTestTask.java:143)\n\tat org.junit.platform.engine.support.hierarchical.ThrowableCollector.execute(ThrowableCollector.java:73)\n\tat org.junit.platform.engine.support.hierarchical.NodeTestTask.lambda$executeRecursively$7(NodeTestTask.java:129)\n\tat org.junit.platform.engine.support.hierarchical.Node.around(Node.java:137)\n\tat org.junit.platform.engine.support.hierarchical.NodeTestTask.lambda$executeRecursively$8(NodeTestTask.java:127)\n\tat org.junit.platform.engine.support.hierarchical.ThrowableCollector.execute(ThrowableCollector.java:73)\n\tat org.junit.platform.engine.support.hierarchical.NodeTestTask.executeRecursively(NodeTestTask.java:126)\n\tat org.junit.platform.engine.support.hierarchical.NodeTestTask.execute(NodeTestTask.java:84)\n\tat org.junit.platform.engine.support.hierarchical.SameThreadHierarchicalTestExecutorService.submit(SameThreadHierarchicalTestExecutorService.java:32)\n\tat org.junit.platform.engine.support.hierarchical.HierarchicalTestExecutor.execute(HierarchicalTestExecutor.java:57)\n\tat org.junit.platform.engine.support.hierarchical.HierarchicalTestEngine.execute(HierarchicalTestEngine.java:51)\n\tat org.junit.platform.launcher.core.DefaultLauncher.execute(DefaultLauncher.java:229)\n\tat org.junit.platform.launcher.core.DefaultLauncher.lambda$execute$6(DefaultLauncher.java:197)\n\tat org.junit.platform.launcher.core.DefaultLauncher.withInterceptedStreams(DefaultLauncher.java:211)\n\tat org.junit.platform.launcher.core.DefaultLauncher.execute(DefaultLauncher.java:191)\n\tat org.junit.platform.launcher.core.DefaultLauncher.execute(DefaultLauncher.java:128)\n\tat org.apache.maven.surefire.junitplatform.JUnitPlatformProvider.execute(JUnitPlatformProvider.java:188)\n\tat org.apache.maven.surefire.junitplatform.JUnitPlatformProvider.invokeAllTests(JUnitPlatformProvider.java:154)\n\tat org.apache.maven.surefire.junitplatform.JUnitPlatformProvider.invoke(JUnitPlatformProvider.java:128)\n\tat org.apache.maven.surefire.booter.ForkedBooter.runSuitesInProcess(ForkedBooter.java:428)\n\tat org.apache.maven.surefire.booter.ForkedBooter.execute(ForkedBooter.java:162)\n\tat org.apache.maven.surefire.booter.ForkedBooter.run(ForkedBooter.java:562)\n\tat org.apache.maven.surefire.booter.ForkedBooter.main(ForkedBooter.java:548)\n","flaky":false,"newFailed":false,"newBroken":true,"newPassed":false,"retriesCount":40,"retriesStatusChange":true,"beforeStages":[],"testStage":{"description":"Realizar a inclusão do cliente atraves do preenchimento do formulario","status":"broken","statusMessage":"no such element: Unable to locate element: {\"method\":\"css selector\",\"selector\":\"#switch\\-version\\-select\"}\n  (Session info: headless chrome=112.0.5615.165)\nFor documentation on this error, please visit: https://selenium.dev/exceptions/#no_such_element\nBuild info: version: '4.7.2', revision: '4d4020c3b7'\nSystem info: os.name: 'Linux', os.arch: 'amd64', os.version: '5.15.0-1036-azure', java.version: '11.0.18'\nDriver info: org.openqa.selenium.chrome.ChromeDriver\nCommand: [fbc4b7b34983081c8bd47af0c16211b1, findElement {using=id, value=switch-version-select}]\nCapabilities {acceptInsecureCerts: false, browserName: chrome, browserVersion: 112.0.5615.165, chrome: {chromedriverVersion: 112.0.5615.49 (bd2a7bcb881c..., userDataDir: /tmp/.com.google.Chrome.9HAtGX}, goog:chromeOptions: {debuggerAddress: localhost:40091}, networkConnectionEnabled: false, pageLoadStrategy: normal, platformName: LINUX, proxy: Proxy(), se:cdp: ws://localhost:40091/devtoo..., se:cdpVersion: 112.0.5615.165, setWindowRect: true, strictFileInteractability: false, timeouts: {implicit: 0, pageLoad: 300000, script: 30000}, unhandledPromptBehavior: dismiss and notify, webauthn:extension:credBlob: true, webauthn:extension:largeBlob: true, webauthn:extension:minPinLength: true, webauthn:extension:prf: true, webauthn:virtualAuthenticators: true}\nSession ID: fbc4b7b34983081c8bd47af0c16211b1","statusTrace":"org.openqa.selenium.NoSuchElementException: no such element: Unable to locate element: {\"method\":\"css selector\",\"selector\":\"#switch\\-version\\-select\"}\n  (Session info: headless chrome=112.0.5615.165)\nFor documentation on this error, please visit: https://selenium.dev/exceptions/#no_such_element\nBuild info: version: '4.7.2', revision: '4d4020c3b7'\nSystem info: os.name: 'Linux', os.arch: 'amd64', os.version: '5.15.0-1036-azure', java.version: '11.0.18'\nDriver info: org.openqa.selenium.chrome.ChromeDriver\nCommand: [fbc4b7b34983081c8bd47af0c16211b1, findElement {using=id, value=switch-version-select}]\nCapabilities {acceptInsecureCerts: false, browserName: chrome, browserVersion: 112.0.5615.165, chrome: {chromedriverVersion: 112.0.5615.49 (bd2a7bcb881c..., userDataDir: /tmp/.com.google.Chrome.9HAtGX}, goog:chromeOptions: {debuggerAddress: localhost:40091}, networkConnectionEnabled: false, pageLoadStrategy: normal, platformName: LINUX, proxy: Proxy(), se:cdp: ws://localhost:40091/devtoo..., se:cdpVersion: 112.0.5615.165, setWindowRect: true, strictFileInteractability: false, timeouts: {implicit: 0, pageLoad: 300000, script: 30000}, unhandledPromptBehavior: dismiss and notify, webauthn:extension:credBlob: true, webauthn:extension:largeBlob: true, webauthn:extension:minPinLength: true, webauthn:extension:prf: true, webauthn:virtualAuthenticators: true}\nSession ID: fbc4b7b34983081c8bd47af0c16211b1\n\tat java.base/jdk.internal.reflect.NativeConstructorAccessorImpl.newInstance0(Native Method)\n\tat java.base/jdk.internal.reflect.NativeConstructorAccessorImpl.newInstance(NativeConstructorAccessorImpl.java:62)\n\tat java.base/jdk.internal.reflect.DelegatingConstructorAccessorImpl.newInstance(DelegatingConstructorAccessorImpl.java:45)\n\tat java.base/java.lang.reflect.Constructor.newInstance(Constructor.java:490)\n\tat org.openqa.selenium.remote.codec.w3c.W3CHttpResponseCodec.createException(W3CHttpResponseCodec.java:200)\n\tat org.openqa.selenium.remote.codec.w3c.W3CHttpResponseCodec.decode(W3CHttpResponseCodec.java:133)\n\tat org.openqa.selenium.remote.codec.w3c.W3CHttpResponseCodec.decode(W3CHttpResponseCodec.java:53)\n\tat org.openqa.selenium.remote.HttpCommandExecutor.execute(HttpCommandExecutor.java:184)\n\tat org.openqa.selenium.remote.service.DriverCommandExecutor.invokeExecute(DriverCommandExecutor.java:167)\n\tat org.openqa.selenium.remote.service.DriverCommandExecutor.execute(DriverCommandExecutor.java:142)\n\tat org.openqa.selenium.remote.RemoteWebDriver.execute(RemoteWebDriver.java:543)\n\tat org.openqa.selenium.remote.ElementLocation$ElementFinder$2.findElement(ElementLocation.java:162)\n\tat org.openqa.selenium.remote.ElementLocation.findElement(ElementLocation.java:66)\n\tat org.openqa.selenium.remote.RemoteWebDriver.findElement(RemoteWebDriver.java:352)\n\tat org.openqa.selenium.remote.RemoteWebDriver.findElement(RemoteWebDriver.java:344)\n\tat org.openqa.selenium.support.pagefactory.DefaultElementLocator.findElement(DefaultElementLocator.java:70)\n\tat org.openqa.selenium.support.pagefactory.internal.LocatingElementHandler.invoke(LocatingElementHandler.java:39)\n\tat com.sun.proxy.$Proxy27.getTagName(Unknown Source)\n\tat org.openqa.selenium.support.ui.Select.<init>(Select.java:46)\n\tat br.com.sicred.action.HomeAction.selecionarBootstrapV4(HomeAction.java:26)\n\tat br.com.sicred.tests.AdicionarNovoClienteTest.incluirNovoClienteNaBaseDeDados(AdicionarNovoClienteTest.java:32)\n\tat java.base/jdk.internal.reflect.NativeMethodAccessorImpl.invoke0(Native Method)\n\tat java.base/jdk.internal.reflect.NativeMethodAccessorImpl.invoke(NativeMethodAccessorImpl.java:62)\n\tat java.base/jdk.internal.reflect.DelegatingMethodAccessorImpl.invoke(DelegatingMethodAccessorImpl.java:43)\n\tat java.base/java.lang.reflect.Method.invoke(Method.java:566)\n\tat org.junit.platform.commons.util.ReflectionUtils.invokeMethod(ReflectionUtils.java:688)\n\tat org.junit.jupiter.engine.execution.MethodInvocation.proceed(MethodInvocation.java:60)\n\tat org.junit.jupiter.engine.execution.InvocationInterceptorChain$ValidatingInvocation.proceed(InvocationInterceptorChain.java:131)\n\tat org.junit.jupiter.engine.extension.TimeoutExtension.intercept(TimeoutExtension.java:149)\n\tat org.junit.jupiter.engine.extension.TimeoutExtension.interceptTestableMethod(TimeoutExtension.java:140)\n\tat org.junit.jupiter.engine.extension.TimeoutExtension.interceptTestMethod(TimeoutExtension.java:84)\n\tat org.junit.jupiter.engine.execution.ExecutableInvoker$ReflectiveInterceptorCall.lambda$ofVoidMethod$0(ExecutableInvoker.java:115)\n\tat org.junit.jupiter.engine.execution.ExecutableInvoker.lambda$invoke$0(ExecutableInvoker.java:105)\n\tat org.junit.jupiter.engine.execution.InvocationInterceptorChain$InterceptedInvocation.proceed(InvocationInterceptorChain.java:106)\n\tat org.junit.jupiter.engine.execution.InvocationInterceptorChain.proceed(InvocationInterceptorChain.java:64)\n\tat org.junit.jupiter.engine.execution.InvocationInterceptorChain.chainAndInvoke(InvocationInterceptorChain.java:45)\n\tat org.junit.jupiter.engine.execution.InvocationInterceptorChain.invoke(InvocationInterceptorChain.java:37)\n\tat org.junit.jupiter.engine.execution.ExecutableInvoker.invoke(ExecutableInvoker.java:104)\n\tat org.junit.jupiter.engine.execution.ExecutableInvoker.invoke(ExecutableInvoker.java:98)\n\tat org.junit.jupiter.engine.descriptor.TestMethodTestDescriptor.lambda$invokeTestMethod$6(TestMethodTestDescriptor.java:210)\n\tat org.junit.platform.engine.support.hierarchical.ThrowableCollector.execute(ThrowableCollector.java:73)\n\tat org.junit.jupiter.engine.descriptor.TestMethodTestDescriptor.invokeTestMethod(TestMethodTestDescriptor.java:206)\n\tat org.junit.jupiter.engine.descriptor.TestMethodTestDescriptor.execute(TestMethodTestDescriptor.java:131)\n\tat org.junit.jupiter.engine.descriptor.TestMethodTestDescriptor.execute(TestMethodTestDescriptor.java:65)\n\tat org.junit.platform.engine.support.hierarchical.NodeTestTask.lambda$executeRecursively$5(NodeTestTask.java:139)\n\tat org.junit.platform.engine.support.hierarchical.ThrowableCollector.execute(ThrowableCollector.java:73)\n\tat org.junit.platform.engine.support.hierarchical.NodeTestTask.lambda$executeRecursively$7(NodeTestTask.java:129)\n\tat org.junit.platform.engine.support.hierarchical.Node.around(Node.java:137)\n\tat org.junit.platform.engine.support.hierarchical.NodeTestTask.lambda$executeRecursively$8(NodeTestTask.java:127)\n\tat org.junit.platform.engine.support.hierarchical.ThrowableCollector.execute(ThrowableCollector.java:73)\n\tat org.junit.platform.engine.support.hierarchical.NodeTestTask.executeRecursively(NodeTestTask.java:126)\n\tat org.junit.platform.engine.support.hierarchical.NodeTestTask.execute(NodeTestTask.java:84)\n\tat java.base/java.util.ArrayList.forEach(ArrayList.java:1541)\n\tat org.junit.platform.engine.support.hierarchical.SameThreadHierarchicalTestExecutorService.invokeAll(SameThreadHierarchicalTestExecutorService.java:38)\n\tat org.junit.platform.engine.support.hierarchical.NodeTestTask.lambda$executeRecursively$5(NodeTestTask.java:143)\n\tat org.junit.platform.engine.support.hierarchical.ThrowableCollector.execute(ThrowableCollector.java:73)\n\tat org.junit.platform.engine.support.hierarchical.NodeTestTask.lambda$executeRecursively$7(NodeTestTask.java:129)\n\tat org.junit.platform.engine.support.hierarchical.Node.around(Node.java:137)\n\tat org.junit.platform.engine.support.hierarchical.NodeTestTask.lambda$executeRecursively$8(NodeTestTask.java:127)\n\tat org.junit.platform.engine.support.hierarchical.ThrowableCollector.execute(ThrowableCollector.java:73)\n\tat org.junit.platform.engine.support.hierarchical.NodeTestTask.executeRecursively(NodeTestTask.java:126)\n\tat org.junit.platform.engine.support.hierarchical.NodeTestTask.execute(NodeTestTask.java:84)\n\tat java.base/java.util.ArrayList.forEach(ArrayList.java:1541)\n\tat org.junit.platform.engine.support.hierarchical.SameThreadHierarchicalTestExecutorService.invokeAll(SameThreadHierarchicalTestExecutorService.java:38)\n\tat org.junit.platform.engine.support.hierarchical.NodeTestTask.lambda$executeRecursively$5(NodeTestTask.java:143)\n\tat org.junit.platform.engine.support.hierarchical.ThrowableCollector.execute(ThrowableCollector.java:73)\n\tat org.junit.platform.engine.support.hierarchical.NodeTestTask.lambda$executeRecursively$7(NodeTestTask.java:129)\n\tat org.junit.platform.engine.support.hierarchical.Node.around(Node.java:137)\n\tat org.junit.platform.engine.support.hierarchical.NodeTestTask.lambda$executeRecursively$8(NodeTestTask.java:127)\n\tat org.junit.platform.engine.support.hierarchical.ThrowableCollector.execute(ThrowableCollector.java:73)\n\tat org.junit.platform.engine.support.hierarchical.NodeTestTask.executeRecursively(NodeTestTask.java:126)\n\tat org.junit.platform.engine.support.hierarchical.NodeTestTask.execute(NodeTestTask.java:84)\n\tat org.junit.platform.engine.support.hierarchical.SameThreadHierarchicalTestExecutorService.submit(SameThreadHierarchicalTestExecutorService.java:32)\n\tat org.junit.platform.engine.support.hierarchical.HierarchicalTestExecutor.execute(HierarchicalTestExecutor.java:57)\n\tat org.junit.platform.engine.support.hierarchical.HierarchicalTestEngine.execute(HierarchicalTestEngine.java:51)\n\tat org.junit.platform.launcher.core.DefaultLauncher.execute(DefaultLauncher.java:229)\n\tat org.junit.platform.launcher.core.DefaultLauncher.lambda$execute$6(DefaultLauncher.java:197)\n\tat org.junit.platform.launcher.core.DefaultLauncher.withInterceptedStreams(DefaultLauncher.java:211)\n\tat org.junit.platform.launcher.core.DefaultLauncher.execute(DefaultLauncher.java:191)\n\tat org.junit.platform.launcher.core.DefaultLauncher.execute(DefaultLauncher.java:128)\n\tat org.apache.maven.surefire.junitplatform.JUnitPlatformProvider.execute(JUnitPlatformProvider.java:188)\n\tat org.apache.maven.surefire.junitplatform.JUnitPlatformProvider.invokeAllTests(JUnitPlatformProvider.java:154)\n\tat org.apache.maven.surefire.junitplatform.JUnitPlatformProvider.invoke(JUnitPlatformProvider.java:128)\n\tat org.apache.maven.surefire.booter.ForkedBooter.runSuitesInProcess(ForkedBooter.java:428)\n\tat org.apache.maven.surefire.booter.ForkedBooter.execute(ForkedBooter.java:162)\n\tat org.apache.maven.surefire.booter.ForkedBooter.run(ForkedBooter.java:562)\n\tat org.apache.maven.surefire.booter.ForkedBooter.main(ForkedBooter.java:548)\n","steps":[],"attachments":[{"uid":"ed661d73c163b002","name":"O Elemento não está presente na pagina","source":"ed661d73c163b002.png","type":"image/png","size":7513}],"parameters":[],"stepsCount":0,"attachmentsCount":1,"shouldDisplayMessage":true,"hasContent":true},"afterStages":[],"labels":[{"name":"tag","value":"add-cliente"},{"name":"tag","value":"regressivo"},{"name":"epic","value":"Disponibilizar recursos cadastrar e excluir "},{"name":"feature","value":"Inclusao de novos Clientes"},{"name":"story","value":"Usuarios Cadastrados"},{"name":"host","value":"fv-az218-464"},{"name":"thread","value":"2288@fv-az218-464.main(1)"},{"name":"framework","value":"junit-platform"},{"name":"language","value":"java"},{"name":"package","value":"br.com.sicred.tests.AdicionarNovoClienteTest"},{"name":"testClass","value":"br.com.sicred.tests.AdicionarNovoClienteTest"},{"name":"testMethod","value":"incluirNovoClienteNaBaseDeDados"},{"name":"suite","value":"br.com.sicred.tests.AdicionarNovoClienteTest"},{"name":"severity","value":"critical"},{"name":"resultFormat","value":"allure2"}],"parameters":[],"links":[],"hidden":false,"retry":false,"extra":{"severity":"critical","retries":[{"uid":"e5e95567a4829ccd","status":"passed","time":{"start":1679935946107,"stop":1679935956651,"duration":10544}},{"uid":"9c921763d0bd0509","status":"passed","time":{"start":1679935461510,"stop":1679935475579,"duration":14069}},{"uid":"5af7df1886a91748","status":"passed","time":{"start":1679934844659,"stop":1679934948643,"duration":103984}},{"uid":"28f85fe1befb31cb","status":"passed","time":{"start":1679886899623,"stop":1679886912511,"duration":12888}},{"uid":"e5646788c07915f4","status":"passed","time":{"start":1679886710724,"stop":1679886723078,"duration":12354}},{"uid":"b0801c93f8b1a042","status":"passed","time":{"start":1679885196634,"stop":1679885209172,"duration":12538}},{"uid":"a996d2f5ed599186","status":"passed","time":{"start":1679884937526,"stop":1679884948612,"duration":11086}},{"uid":"9957ae52a54af027","status":"passed","time":{"start":1679884857639,"stop":1679884869757,"duration":12118}},{"uid":"f0c74de78db002ca","status":"passed","time":{"start":1679884686233,"stop":1679884697620,"duration":11387}},{"uid":"47052e4a290c6007","status":"passed","time":{"start":1679884500580,"stop":1679884513303,"duration":12723}},{"uid":"8b9c2bc30a2e468f","status":"passed","time":{"start":1679884336522,"stop":1679884348767,"duration":12245}},{"uid":"35002d4b2afdd2e8","status":"passed","time":{"start":1679884186359,"stop":1679884197978,"duration":11619}},{"uid":"98fa3480f68d1019","status":"passed","time":{"start":1679884083042,"stop":1679884096580,"duration":13538}},{"uid":"ae5f442bde188e03","status":"passed","time":{"start":1679883828461,"stop":1679883848915,"duration":20454}},{"uid":"5e10e111257d587e","status":"passed","time":{"start":1679883282658,"stop":1679883295016,"duration":12358}},{"uid":"f4c33700898958e","status":"passed","time":{"start":1679882320424,"stop":1679882337435,"duration":17011}},{"uid":"61411053dbc64f04","status":"passed","time":{"start":1679882123334,"stop":1679882138749,"duration":15415}},{"uid":"384b9d49e3c6006c","status":"passed","time":{"start":1679882010768,"stop":1679882025894,"duration":15126}},{"uid":"cd86ad2fa092f3bb","status":"passed","time":{"start":1679881427528,"stop":1679881439607,"duration":12079}},{"uid":"3ab21053cf2c82e9","status":"passed","time":{"start":1679881011010,"stop":1679881023399,"duration":12389}},{"uid":"b07e94a6bd5d6594","status":"passed","time":{"start":1679880801732,"stop":1679880814884,"duration":13152}},{"uid":"169e20923093317e","status":"passed","time":{"start":1679879803864,"stop":1679879883936,"duration":80072}},{"uid":"b1ba2e9515142a41","status":"broken","statusDetails":"No ParameterResolver registered for parameter [org.junit.jupiter.api.Test arg1] in method [public void br.com.sicred.core.Setup.setupScenario(org.junit.jupiter.api.TestInfo,org.junit.jupiter.api.Test)].","time":{"start":1679879631129,"stop":1679879631961,"duration":832}},{"uid":"679b2c62e56fe4a2","status":"passed","time":{"start":1679879100330,"stop":1679879112291,"duration":11961}},{"uid":"3c70fd4998269670","status":"passed","time":{"start":1679878840255,"stop":1679878980019,"duration":139764}},{"uid":"b7e9ab580a5bc80d","status":"passed","time":{"start":1679878737982,"stop":1679878771119,"duration":33137}},{"uid":"908cd713ca179085","status":"passed","time":{"start":1679878357954,"stop":1679878531704,"duration":173750}},{"uid":"6cfacb1c1ec6bda0","status":"passed","time":{"start":1679877822766,"stop":1679877834179,"duration":11413}},{"uid":"7271de9e70a91efa","status":"passed","time":{"start":1679877366259,"stop":1679877377066,"duration":10807}},{"uid":"1d595588ec49bb5f","status":"passed","time":{"start":1679877125389,"stop":1679877243517,"duration":118128}},{"uid":"be58ff358676c491","status":"passed","time":{"start":1679876999995,"stop":1679877011386,"duration":11391}},{"uid":"147368401ade9369","status":"passed","time":{"start":1679876905507,"stop":1679876916751,"duration":11244}},{"uid":"682c9ac4e1a7290d","status":"passed","time":{"start":1679876684818,"stop":1679876696719,"duration":11901}},{"uid":"a81f3fd13dec9eda","status":"passed","time":{"start":1679876461204,"stop":1679876536247,"duration":75043}},{"uid":"76d8bfc3723eddc0","status":"passed","time":{"start":1679243023982,"stop":1679243034912,"duration":10930}},{"uid":"3381c9ba01ef0e78","status":"passed","time":{"start":1679242369769,"stop":1679242380580,"duration":10811}},{"uid":"5f34dd96db7d8a27","status":"passed","time":{"start":1679241570289,"stop":1679241581260,"duration":10971}},{"uid":"8601caa6ae735811","status":"passed","time":{"start":1678746352777,"stop":1678746371434,"duration":18657}},{"uid":"db32144d5b714582","status":"passed","time":{"start":1678743807810,"stop":1678743818602,"duration":10792}},{"uid":"2d0bf94e8feaaa6a","status":"passed","time":{"start":1678290131888,"stop":1678290145905,"duration":14017}}],"categories":[{"name":"Test defects","matchedStatuses":[],"flaky":false}],"history":{"statistic":{"failed":3,"broken":1,"skipped":0,"passed":44,"unknown":0,"total":48},"items":[{"uid":"5bbc335b89d85c0c","reportUrl":"https://RodrigoQA.github.io/sicredi-automation-tests-web/74//#testresult/5bbc335b89d85c0c","status":"passed","time":{"start":1683623526750,"stop":1683623534850,"duration":8100}},{"uid":"c353df2ac959e232","reportUrl":"https://RodrigoQA.github.io/sicredi-automation-tests-web/73//#testresult/c353df2ac959e232","status":"passed","time":{"start":1683537179675,"stop":1683537189215,"duration":9540}},{"uid":"2c5fd85a1eacc3b9","reportUrl":"https://RodrigoQA.github.io/sicredi-automation-tests-web/72//#testresult/2c5fd85a1eacc3b9","status":"passed","time":{"start":1683277928646,"stop":1683277937565,"duration":8919}},{"uid":"c5f60fcb19ea3e66","reportUrl":"https://RodrigoQA.github.io/sicredi-automation-tests-web/71//#testresult/c5f60fcb19ea3e66","status":"passed","time":{"start":1683191547587,"stop":1683191556092,"duration":8505}},{"uid":"b2d5028732be7e6e","reportUrl":"https://RodrigoQA.github.io/sicredi-automation-tests-web/70//#testresult/b2d5028732be7e6e","status":"passed","time":{"start":1683105115666,"stop":1683105123565,"duration":7899}},{"uid":"2b07ebf9198b78c4","reportUrl":"https://RodrigoQA.github.io/sicredi-automation-tests-web/69//#testresult/2b07ebf9198b78c4","status":"passed","time":{"start":1683018746775,"stop":1683018754795,"duration":8020}},{"uid":"b7d5cf32e74091ce","reportUrl":"https://RodrigoQA.github.io/sicredi-automation-tests-web/68//#testresult/b7d5cf32e74091ce","status":"passed","time":{"start":1682932380990,"stop":1682932389704,"duration":8714}},{"uid":"c1b9620eb9bd06be","reportUrl":"https://RodrigoQA.github.io/sicredi-automation-tests-web/67//#testresult/c1b9620eb9bd06be","status":"passed","time":{"start":1682673140057,"stop":1682673148680,"duration":8623}},{"uid":"ca134ee8694f676a","reportUrl":"https://RodrigoQA.github.io/sicredi-automation-tests-web/66//#testresult/ca134ee8694f676a","status":"passed","time":{"start":1682586740815,"stop":1682586749548,"duration":8733}},{"uid":"522135664cd88bea","reportUrl":"https://RodrigoQA.github.io/sicredi-automation-tests-web/65//#testresult/522135664cd88bea","status":"passed","time":{"start":1682500376090,"stop":1682500384278,"duration":8188}},{"uid":"509ecf26c3c28b49","reportUrl":"https://RodrigoQA.github.io/sicredi-automation-tests-web/64//#testresult/509ecf26c3c28b49","status":"passed","time":{"start":1682414012208,"stop":1682414019938,"duration":7730}},{"uid":"6911f4f1e0259689","reportUrl":"https://RodrigoQA.github.io/sicredi-automation-tests-web/63//#testresult/6911f4f1e0259689","status":"passed","time":{"start":1682327603460,"stop":1682327611443,"duration":7983}},{"uid":"ca7c458af884714f","reportUrl":"https://RodrigoQA.github.io/sicredi-automation-tests-web/62//#testresult/ca7c458af884714f","status":"passed","time":{"start":1682068351603,"stop":1682068359435,"duration":7832}},{"uid":"58d2dfd7d8c9d4c4","reportUrl":"https://RodrigoQA.github.io/sicredi-automation-tests-web/61//#testresult/58d2dfd7d8c9d4c4","status":"passed","time":{"start":1681982013024,"stop":1681982021413,"duration":8389}},{"uid":"db3f0c21496f7482","reportUrl":"https://RodrigoQA.github.io/sicredi-automation-tests-web/60//#testresult/db3f0c21496f7482","status":"passed","time":{"start":1681895613220,"stop":1681895621409,"duration":8189}},{"uid":"34b99dca0d7da543","reportUrl":"https://RodrigoQA.github.io/sicredi-automation-tests-web/59//#testresult/34b99dca0d7da543","status":"passed","time":{"start":1681809189933,"stop":1681809197975,"duration":8042}},{"uid":"33c3e0ecf6f66481","reportUrl":"https://RodrigoQA.github.io/sicredi-automation-tests-web/58//#testresult/33c3e0ecf6f66481","status":"passed","time":{"start":1681722824942,"stop":1681722832623,"duration":7681}},{"uid":"1f2b9fd5a424099c","reportUrl":"https://RodrigoQA.github.io/sicredi-automation-tests-web/57//#testresult/1f2b9fd5a424099c","status":"passed","time":{"start":1681463585366,"stop":1681463593043,"duration":7677}},{"uid":"78835bde1c316a63","reportUrl":"https://RodrigoQA.github.io/sicredi-automation-tests-web/56//#testresult/78835bde1c316a63","status":"passed","time":{"start":1681377184421,"stop":1681377192394,"duration":7973}},{"uid":"96e2b2b033295280","reportUrl":"https://RodrigoQA.github.io/sicredi-automation-tests-web/55//#testresult/96e2b2b033295280","status":"passed","time":{"start":1681290761015,"stop":1681290769184,"duration":8169}}]},"tags":["regressivo","add-cliente"]},"source":"987614b7a4a31241.json","parameterValues":[]}